2019-10-21 15:04:15.971 o.a.s.l.f.AccessLoggingFilter qtp884603232-20 [INFO] Access from: 0:0:0:0:0:0:0:1 url: http://localhost:8080/index.html principal: 
2019-10-21 15:04:16.052 o.a.s.l.f.AccessLoggingFilter qtp884603232-15 [INFO] Access from: 0:0:0:0:0:0:0:1 url: http://localhost:8080/css/bootstrap-3.3.1.min.css principal: 
2019-10-21 15:04:16.055 o.a.s.l.f.AccessLoggingFilter qtp884603232-17 [INFO] Access from: 0:0:0:0:0:0:0:1 url: http://localhost:8080/css/jquery.dataTables.1.10.4.min.css principal: 
2019-10-21 15:04:16.057 o.a.s.l.f.AccessLoggingFilter qtp884603232-14 [INFO] Access from: 0:0:0:0:0:0:0:1 url: http://localhost:8080/css/dataTables.bootstrap.css principal: 
2019-10-21 15:04:16.059 o.a.s.l.f.AccessLoggingFilter qtp884603232-19 [INFO] Access from: 0:0:0:0:0:0:0:1 url: http://localhost:8080/css/jsonFormatter.min.css principal: 
2019-10-21 15:04:16.060 o.a.s.l.f.AccessLoggingFilter qtp884603232-24 [INFO] Access from: 0:0:0:0:0:0:0:1 url: http://localhost:8080/css/style.css principal: 
2019-10-21 15:04:16.060 o.a.s.l.f.AccessLoggingFilter qtp884603232-21 [INFO] Access from: 0:0:0:0:0:0:0:1 url: http://localhost:8080/js/jquery-1.11.1.min.js principal: 
2019-10-21 15:04:16.099 o.a.s.l.f.AccessLoggingFilter qtp884603232-20 [INFO] Access from: 0:0:0:0:0:0:0:1 url: http://localhost:8080/js/jquery.dataTables.1.10.4.min.js principal: 
2019-10-21 15:04:16.102 o.a.s.l.f.AccessLoggingFilter qtp884603232-18 [INFO] Access from: 0:0:0:0:0:0:0:1 url: http://localhost:8080/js/jquery.cookies.2.2.0.min.js principal: 
2019-10-21 15:04:16.102 o.a.s.l.f.AccessLoggingFilter qtp884603232-17 [INFO] Access from: 0:0:0:0:0:0:0:1 url: http://localhost:8080/js/jquery.mustache.js principal: 
2019-10-21 15:04:16.107 o.a.s.l.f.AccessLoggingFilter qtp884603232-19 [INFO] Access from: 0:0:0:0:0:0:0:1 url: http://localhost:8080/js/bootstrap-3.3.1.min.js principal: 
2019-10-21 15:04:16.108 o.a.s.l.f.AccessLoggingFilter qtp884603232-24 [INFO] Access from: 0:0:0:0:0:0:0:1 url: http://localhost:8080/js/jquery.blockUI.min.js principal: 
2019-10-21 15:04:16.173 o.a.s.l.f.AccessLoggingFilter qtp884603232-25 [INFO] Access from: 0:0:0:0:0:0:0:1 url: http://localhost:8080/js/dataTables.bootstrap.min.js principal: 
2019-10-21 15:04:16.208 o.a.s.l.f.AccessLoggingFilter qtp884603232-18 [INFO] Access from: 0:0:0:0:0:0:0:1 url: http://localhost:8080/js/jsonFormatter.min.js principal: 
2019-10-21 15:04:16.226 o.a.s.l.f.AccessLoggingFilter qtp884603232-19 [INFO] Access from: 0:0:0:0:0:0:0:1 url: http://localhost:8080/js/script.js principal: 
2019-10-21 15:04:16.770 o.a.s.l.f.AccessLoggingFilter qtp884603232-25 [INFO] Access from: 0:0:0:0:0:0:0:1 url: http://localhost:8080/api/v1/cluster/configuration principal: 
2019-10-21 15:04:16.770 o.a.s.l.f.AccessLoggingFilter qtp884603232-15 [INFO] Access from: 0:0:0:0:0:0:0:1 url: http://localhost:8080/images/spinner.gif principal: 
2019-10-21 15:04:16.841 o.a.s.l.f.AccessLoggingFilter qtp884603232-20 [INFO] Access from: 0:0:0:0:0:0:0:1 url: http://localhost:8080/favicon.ico principal: 
2019-10-21 15:04:17.070 o.a.s.l.f.AccessLoggingFilter qtp884603232-18 [INFO] Access from: 0:0:0:0:0:0:0:1 url: http://localhost:8080/templates/index-page-template.html principal: 
2019-10-21 15:04:17.122 o.a.s.l.f.AccessLoggingFilter qtp884603232-25 [INFO] Access from: 0:0:0:0:0:0:0:1 url: http://localhost:8080/api/v1/cluster/summary principal: 
2019-10-21 15:04:17.122 o.a.s.l.f.AccessLoggingFilter qtp884603232-15 [INFO] Access from: 0:0:0:0:0:0:0:1 url: http://localhost:8080/api/v1/nimbus/summary principal: 
2019-10-21 15:04:17.142 o.a.s.l.f.AccessLoggingFilter qtp884603232-20 [INFO] Access from: 0:0:0:0:0:0:0:1 url: http://localhost:8080/api/v1/owner-resources principal: 
2019-10-21 15:04:17.143 o.a.s.l.f.AccessLoggingFilter qtp884603232-18 [INFO] Access from: 0:0:0:0:0:0:0:1 url: http://localhost:8080/api/v1/topology/summary principal: 
2019-10-21 15:04:17.177 o.a.s.l.f.AccessLoggingFilter qtp884603232-21 [INFO] Access from: 0:0:0:0:0:0:0:1 url: http://localhost:8080/api/v1/supervisor/summary principal: 
2019-10-21 15:04:17.601 o.a.s.l.f.AccessLoggingFilter qtp884603232-14 [INFO] Access from: 0:0:0:0:0:0:0:1 url: http://localhost:8080/images/sort_both.png principal: 
2019-10-21 15:04:17.711 o.a.s.l.f.AccessLoggingFilter qtp884603232-15 [INFO] Access from: 0:0:0:0:0:0:0:1 url: http://localhost:8080/templates/user-template.html principal: 
2019-10-21 15:04:17.722 o.a.s.l.f.AccessLoggingFilter qtp884603232-24 [INFO] Access from: 0:0:0:0:0:0:0:1 url: http://localhost:8080/images/sort_asc.png principal: 
2019-10-21 15:04:17.750 o.a.s.l.f.AccessLoggingFilter qtp884603232-14 [INFO] Access from: 0:0:0:0:0:0:0:1 url: http://localhost:8080/images/flux.png principal: 
2019-10-21 15:04:17.750 o.a.s.l.f.AccessLoggingFilter qtp884603232-20 [INFO] Access from: 0:0:0:0:0:0:0:1 url: http://localhost:8080/images/search.png principal: 
2019-10-21 15:11:50.854 o.a.s.l.f.AccessLoggingFilter qtp884603232-18 [INFO] Access from: 0:0:0:0:0:0:0:1 url: http://localhost:8080/index.html principal: 
2019-10-21 15:11:51.374 o.a.s.l.f.AccessLoggingFilter qtp884603232-15 [INFO] Access from: 0:0:0:0:0:0:0:1 url: http://localhost:8080/api/v1/cluster/configuration principal: 
2019-10-21 15:11:51.447 o.a.s.l.f.AccessLoggingFilter qtp884603232-17 [INFO] Access from: 0:0:0:0:0:0:0:1 url: http://localhost:8080/api/v1/cluster/summary principal: 
2019-10-21 15:11:51.450 o.a.s.l.f.AccessLoggingFilter qtp884603232-24 [INFO] Access from: 0:0:0:0:0:0:0:1 url: http://localhost:8080/api/v1/nimbus/summary principal: 
2019-10-21 15:11:51.469 o.a.s.l.f.AccessLoggingFilter qtp884603232-15 [INFO] Access from: 0:0:0:0:0:0:0:1 url: http://localhost:8080/api/v1/topology/summary principal: 
2019-10-21 15:11:51.501 o.a.s.l.f.AccessLoggingFilter qtp884603232-24 [INFO] Access from: 0:0:0:0:0:0:0:1 url: http://localhost:8080/api/v1/owner-resources principal: 
2019-10-21 15:11:51.520 o.a.s.l.f.AccessLoggingFilter qtp884603232-27 [INFO] Access from: 0:0:0:0:0:0:0:1 url: http://localhost:8080/api/v1/supervisor/summary principal: 
2019-10-21 15:11:52.093 o.a.s.l.f.AccessLoggingFilter qtp884603232-17 [INFO] Access from: 0:0:0:0:0:0:0:1 url: http://localhost:8080/favicon.ico principal: 
2019-10-21 15:12:40.627 o.a.s.l.f.AccessLoggingFilter qtp884603232-27 [INFO] Access from: 0:0:0:0:0:0:0:1 url: http://localhost:8080/index.html principal: 
2019-10-21 15:12:41.158 o.a.s.l.f.AccessLoggingFilter qtp884603232-14 [INFO] Access from: 0:0:0:0:0:0:0:1 url: http://localhost:8080/api/v1/cluster/configuration principal: 
2019-10-21 15:12:41.233 o.a.s.l.f.AccessLoggingFilter qtp884603232-27 [INFO] Access from: 0:0:0:0:0:0:0:1 url: http://localhost:8080/api/v1/cluster/summary principal: 
2019-10-21 15:12:41.235 o.a.s.l.f.AccessLoggingFilter qtp884603232-17 [INFO] Access from: 0:0:0:0:0:0:0:1 url: http://localhost:8080/api/v1/nimbus/summary principal: 
2019-10-21 15:12:41.262 o.a.s.l.f.AccessLoggingFilter qtp884603232-15 [INFO] Access from: 0:0:0:0:0:0:0:1 url: http://localhost:8080/api/v1/owner-resources principal: 
2019-10-21 15:12:41.267 o.a.s.l.f.AccessLoggingFilter qtp884603232-14 [INFO] Access from: 0:0:0:0:0:0:0:1 url: http://localhost:8080/api/v1/topology/summary principal: 
2019-10-21 15:12:41.287 o.a.s.l.f.AccessLoggingFilter qtp884603232-18 [INFO] Access from: 0:0:0:0:0:0:0:1 url: http://localhost:8080/api/v1/supervisor/summary principal: 
2019-10-21 15:12:41.829 o.a.s.l.f.AccessLoggingFilter qtp884603232-15 [INFO] Access from: 0:0:0:0:0:0:0:1 url: http://localhost:8080/favicon.ico principal: 
2019-10-21 15:40:18.393 o.a.s.l.f.AccessLoggingFilter qtp884603232-18 [INFO] Access from: 0:0:0:0:0:0:0:1 url: http://localhost:8080/index.html principal: 
2019-10-21 15:40:19.437 o.a.s.l.f.AccessLoggingFilter qtp884603232-15 [INFO] Access from: 0:0:0:0:0:0:0:1 url: http://localhost:8080/api/v1/cluster/configuration principal: 
2019-10-21 15:40:19.819 o.a.s.l.f.AccessLoggingFilter qtp884603232-19 [INFO] Access from: 0:0:0:0:0:0:0:1 url: http://localhost:8080/api/v1/cluster/summary principal: 
2019-10-21 15:40:19.833 o.a.s.l.f.AccessLoggingFilter qtp884603232-14 [INFO] Access from: 0:0:0:0:0:0:0:1 url: http://localhost:8080/api/v1/nimbus/summary principal: 
2019-10-21 15:40:19.854 o.a.s.l.f.AccessLoggingFilter qtp884603232-20 [INFO] Access from: 0:0:0:0:0:0:0:1 url: http://localhost:8080/api/v1/supervisor/summary principal: 
2019-10-21 15:40:19.863 o.a.s.l.f.AccessLoggingFilter qtp884603232-15 [INFO] Access from: 0:0:0:0:0:0:0:1 url: http://localhost:8080/api/v1/topology/summary principal: 
2019-10-21 15:40:19.861 o.a.s.l.f.AccessLoggingFilter qtp884603232-17 [INFO] Access from: 0:0:0:0:0:0:0:1 url: http://localhost:8080/api/v1/owner-resources principal: 
2019-10-21 15:41:04.583 o.a.s.l.f.AccessLoggingFilter qtp884603232-21 [INFO] Access from: 0:0:0:0:0:0:0:1 url: http://localhost:8080/index.html principal: 
2019-10-21 15:41:05.071 o.a.s.l.f.AccessLoggingFilter qtp884603232-19 [INFO] Access from: 0:0:0:0:0:0:0:1 url: http://localhost:8080/api/v1/cluster/configuration principal: 
2019-10-21 15:41:05.164 o.a.s.l.f.AccessLoggingFilter qtp884603232-21 [INFO] Access from: 0:0:0:0:0:0:0:1 url: http://localhost:8080/api/v1/cluster/summary principal: 
2019-10-21 15:41:05.169 o.a.s.l.f.AccessLoggingFilter qtp884603232-18 [INFO] Access from: 0:0:0:0:0:0:0:1 url: http://localhost:8080/api/v1/nimbus/summary principal: 
2019-10-21 15:41:05.188 o.a.s.l.f.AccessLoggingFilter qtp884603232-20 [INFO] Access from: 0:0:0:0:0:0:0:1 url: http://localhost:8080/api/v1/owner-resources principal: 
2019-10-21 15:41:05.217 o.a.s.l.f.AccessLoggingFilter qtp884603232-19 [INFO] Access from: 0:0:0:0:0:0:0:1 url: http://localhost:8080/api/v1/topology/summary principal: 
2019-10-21 15:41:05.224 o.a.s.l.f.AccessLoggingFilter qtp884603232-17 [INFO] Access from: 0:0:0:0:0:0:0:1 url: http://localhost:8080/api/v1/supervisor/summary principal: 
2019-10-21 15:41:05.705 o.a.s.l.f.AccessLoggingFilter qtp884603232-20 [INFO] Access from: 0:0:0:0:0:0:0:1 url: http://localhost:8080/favicon.ico principal: 
2019-10-21 15:43:48.208 o.a.s.l.f.AccessLoggingFilter qtp884603232-17 [INFO] Access from: 0:0:0:0:0:0:0:1 url: http://localhost:8080/index.html principal: 
2019-10-21 15:43:48.687 o.a.s.l.f.AccessLoggingFilter qtp884603232-20 [INFO] Access from: 0:0:0:0:0:0:0:1 url: http://localhost:8080/api/v1/cluster/configuration principal: 
2019-10-21 15:43:48.800 o.a.s.l.f.AccessLoggingFilter qtp884603232-17 [INFO] Access from: 0:0:0:0:0:0:0:1 url: http://localhost:8080/api/v1/cluster/summary principal: 
2019-10-21 15:43:48.850 o.a.s.l.f.AccessLoggingFilter qtp884603232-20 [INFO] Access from: 0:0:0:0:0:0:0:1 url: http://localhost:8080/api/v1/nimbus/summary principal: 
2019-10-21 15:43:48.851 o.a.s.l.f.AccessLoggingFilter qtp884603232-21 [INFO] Access from: 0:0:0:0:0:0:0:1 url: http://localhost:8080/api/v1/owner-resources principal: 
2019-10-21 15:43:48.866 o.a.s.l.f.AccessLoggingFilter qtp884603232-26 [INFO] Access from: 0:0:0:0:0:0:0:1 url: http://localhost:8080/api/v1/topology/summary principal: 
2019-10-21 15:43:48.896 o.a.s.l.f.AccessLoggingFilter qtp884603232-19 [INFO] Access from: 0:0:0:0:0:0:0:1 url: http://localhost:8080/api/v1/supervisor/summary principal: 
2019-10-21 15:43:49.359 o.a.s.l.f.AccessLoggingFilter qtp884603232-21 [INFO] Access from: 0:0:0:0:0:0:0:1 url: http://localhost:8080/favicon.ico principal: 
2019-10-21 15:45:26.527 o.a.s.l.f.AccessLoggingFilter qtp884603232-19 [INFO] Access from: 0:0:0:0:0:0:0:1 url: http://localhost:8080/index.html principal: 
2019-10-21 15:45:27.079 o.a.s.l.f.AccessLoggingFilter qtp884603232-14 [INFO] Access from: 0:0:0:0:0:0:0:1 url: http://localhost:8080/api/v1/cluster/configuration principal: 
2019-10-21 15:45:27.189 o.a.s.l.f.AccessLoggingFilter qtp884603232-19 [INFO] Access from: 0:0:0:0:0:0:0:1 url: http://localhost:8080/api/v1/cluster/summary principal: 
2019-10-21 15:45:27.200 o.a.s.l.f.AccessLoggingFilter qtp884603232-17 [INFO] Access from: 0:0:0:0:0:0:0:1 url: http://localhost:8080/api/v1/nimbus/summary principal: 
2019-10-21 15:45:27.233 o.a.s.l.f.AccessLoggingFilter qtp884603232-24 [INFO] Access from: 0:0:0:0:0:0:0:1 url: http://localhost:8080/api/v1/owner-resources principal: 
2019-10-21 15:45:27.252 o.a.s.l.f.AccessLoggingFilter qtp884603232-14 [INFO] Access from: 0:0:0:0:0:0:0:1 url: http://localhost:8080/api/v1/topology/summary principal: 
2019-10-21 15:45:27.268 o.a.s.l.f.AccessLoggingFilter qtp884603232-21 [INFO] Access from: 0:0:0:0:0:0:0:1 url: http://localhost:8080/api/v1/supervisor/summary principal: 
2019-10-21 15:45:28.130 o.a.s.l.f.AccessLoggingFilter qtp884603232-17 [INFO] Access from: 0:0:0:0:0:0:0:1 url: http://localhost:8080/favicon.ico principal: 
2019-10-21 15:45:38.000 o.a.s.l.f.AccessLoggingFilter qtp884603232-21 [INFO] Access from: 0:0:0:0:0:0:0:1 url: http://localhost:8080/topology.html principal: 
2019-10-21 15:45:38.062 o.a.s.l.f.AccessLoggingFilter qtp884603232-17 [INFO] Access from: 0:0:0:0:0:0:0:1 url: http://localhost:8080/js/url.min.js principal: 
2019-10-21 15:45:38.280 o.a.s.l.f.AccessLoggingFilter qtp884603232-21 [INFO] Access from: 0:0:0:0:0:0:0:1 url: http://localhost:8080/api/v1/cluster/configuration principal: 
2019-10-21 15:45:38.283 o.a.s.l.f.AccessLoggingFilter qtp884603232-20 [INFO] Access from: 0:0:0:0:0:0:0:1 url: http://localhost:8080/api/v1/topology/WordCount-1-1571690722 principal: 
2019-10-21 15:45:38.504 o.a.s.l.f.AccessLoggingFilter qtp884603232-14 [INFO] Access from: 0:0:0:0:0:0:0:1 url: http://localhost:8080/templates/topology-page-template.html principal: 
2019-10-21 15:45:39.458 o.a.s.l.f.AccessLoggingFilter qtp884603232-20 [INFO] Access from: 0:0:0:0:0:0:0:1 url: http://localhost:8080/api/v1/topology/WordCount-1-1571690722/lag principal: 
2019-10-21 15:46:12.994 o.a.s.l.f.AccessLoggingFilter qtp884603232-14 [INFO] Access from: 0:0:0:0:0:0:0:1 url: http://localhost:8080/supervisor.html principal: 
2019-10-21 15:46:13.583 o.a.s.l.f.AccessLoggingFilter qtp884603232-20 [INFO] Access from: 0:0:0:0:0:0:0:1 url: http://localhost:8080/api/v1/supervisor principal: 
2019-10-21 15:46:13.699 o.a.s.l.f.AccessLoggingFilter qtp884603232-14 [INFO] Access from: 0:0:0:0:0:0:0:1 url: http://localhost:8080/templates/supervisor-page-template.html principal: 
2019-10-21 15:46:16.850 o.a.s.l.f.AccessLoggingFilter qtp884603232-20 [INFO] Access from: 0:0:0:0:0:0:0:1 url: http://localhost:8080/supervisor.html principal: 
2019-10-21 15:46:17.143 o.a.s.l.f.AccessLoggingFilter qtp884603232-14 [INFO] Access from: 0:0:0:0:0:0:0:1 url: http://localhost:8080/api/v1/supervisor principal: 
2019-10-21 15:46:20.886 o.a.s.l.f.AccessLoggingFilter qtp884603232-20 [INFO] Access from: 0:0:0:0:0:0:0:1 url: http://localhost:8080/api/v1/supervisor principal: 
2019-10-21 15:46:22.641 o.a.s.l.f.AccessLoggingFilter qtp884603232-14 [INFO] Access from: 0:0:0:0:0:0:0:1 url: http://localhost:8080/api/v1/cluster/configuration principal: 
2019-10-21 15:46:22.666 o.a.s.l.f.AccessLoggingFilter qtp884603232-20 [INFO] Access from: 0:0:0:0:0:0:0:1 url: http://localhost:8080/api/v1/topology/WordCount-1-1571690722 principal: 
2019-10-21 15:46:23.706 o.a.s.l.f.AccessLoggingFilter qtp884603232-14 [INFO] Access from: 0:0:0:0:0:0:0:1 url: http://localhost:8080/api/v1/topology/WordCount-1-1571690722/lag principal: 
2019-10-21 15:46:44.363 o.a.s.l.f.AccessLoggingFilter qtp884603232-20 [INFO] Access from: 0:0:0:0:0:0:0:1 url: http://localhost:8080/owner.html principal: 
2019-10-21 15:46:44.900 o.a.s.l.f.AccessLoggingFilter qtp884603232-24 [INFO] Access from: 0:0:0:0:0:0:0:1 url: http://localhost:8080/api/v1/owner-resources/S533486 principal: 
2019-10-21 15:46:44.984 o.a.s.l.f.AccessLoggingFilter qtp884603232-20 [INFO] Access from: 0:0:0:0:0:0:0:1 url: http://localhost:8080/templates/owner-page-template.html principal: 
2019-10-21 15:46:53.859 o.a.s.l.f.AccessLoggingFilter qtp884603232-24 [INFO] Access from: 0:0:0:0:0:0:0:1 url: http://localhost:8080/ principal: 
2019-10-21 15:46:53.865 o.a.s.l.f.AccessLoggingFilter qtp884603232-24 [INFO] Access from: 0:0:0:0:0:0:0:1 url: http://localhost:8080/index.html principal: 
2019-10-21 15:46:54.328 o.a.s.l.f.AccessLoggingFilter qtp884603232-24 [INFO] Access from: 0:0:0:0:0:0:0:1 url: http://localhost:8080/api/v1/cluster/configuration principal: 
2019-10-21 15:46:54.416 o.a.s.l.f.AccessLoggingFilter qtp884603232-20 [INFO] Access from: 0:0:0:0:0:0:0:1 url: http://localhost:8080/api/v1/cluster/summary principal: 
2019-10-21 15:46:54.416 o.a.s.l.f.AccessLoggingFilter qtp884603232-17 [INFO] Access from: 0:0:0:0:0:0:0:1 url: http://localhost:8080/api/v1/nimbus/summary principal: 
2019-10-21 15:46:54.420 o.a.s.l.f.AccessLoggingFilter qtp884603232-26 [INFO] Access from: 0:0:0:0:0:0:0:1 url: http://localhost:8080/api/v1/owner-resources principal: 
2019-10-21 15:46:54.445 o.a.s.l.f.AccessLoggingFilter qtp884603232-19 [INFO] Access from: 0:0:0:0:0:0:0:1 url: http://localhost:8080/api/v1/supervisor/summary principal: 
2019-10-21 15:46:54.445 o.a.s.l.f.AccessLoggingFilter qtp884603232-24 [INFO] Access from: 0:0:0:0:0:0:0:1 url: http://localhost:8080/api/v1/topology/summary principal: 
2019-10-21 15:47:03.076 o.a.s.l.f.AccessLoggingFilter qtp884603232-17 [INFO] Access from: 0:0:0:0:0:0:0:1 url: http://localhost:8080/api/v1/cluster/configuration principal: 
2019-10-21 15:47:03.093 o.a.s.l.f.AccessLoggingFilter qtp884603232-20 [INFO] Access from: 0:0:0:0:0:0:0:1 url: http://localhost:8080/api/v1/topology/WordCount-1-1571690722 principal: 
2019-10-21 15:47:03.902 o.a.s.l.f.AccessLoggingFilter qtp884603232-19 [INFO] Access from: 0:0:0:0:0:0:0:1 url: http://localhost:8080/api/v1/topology/WordCount-1-1571690722/lag principal: 
2019-10-21 15:47:18.778 o.a.s.l.f.AccessLoggingFilter qtp884603232-20 [INFO] Access from: 0:0:0:0:0:0:0:1 url: http://localhost:8080/templates/topology-page-template.html principal: 
2019-10-21 15:47:18.832 o.a.s.l.f.AccessLoggingFilter qtp884603232-19 [INFO] Access from: 0:0:0:0:0:0:0:1 url: http://localhost:8080/visualize.html principal: 
2019-10-21 15:47:18.880 o.a.s.l.f.AccessLoggingFilter qtp884603232-20 [INFO] Access from: 0:0:0:0:0:0:0:1 url: http://localhost:8080/css/vis.min.css principal: 
2019-10-21 15:47:18.885 o.a.s.l.f.AccessLoggingFilter qtp884603232-24 [INFO] Access from: 0:0:0:0:0:0:0:1 url: http://localhost:8080/js/vis.min.js principal: 
2019-10-21 15:47:18.891 o.a.s.l.f.AccessLoggingFilter qtp884603232-19 [INFO] Access from: 0:0:0:0:0:0:0:1 url: http://localhost:8080/js/visualization.js principal: 
2019-10-21 15:47:18.892 o.a.s.l.f.AccessLoggingFilter qtp884603232-17 [INFO] Access from: 0:0:0:0:0:0:0:1 url: http://localhost:8080/images/streams.png principal: 
2019-10-21 15:47:18.910 o.a.s.l.f.AccessLoggingFilter qtp884603232-29 [INFO] Access from: 0:0:0:0:0:0:0:1 url: http://localhost:8080/images/component.png principal: 
2019-10-21 15:47:19.564 o.a.s.l.f.AccessLoggingFilter qtp884603232-14 [INFO] Access from: 0:0:0:0:0:0:0:1 url: http://localhost:8080/api/v1/topology/WordCount-1-1571690722/visualization principal: 
2019-10-21 15:47:36.306 o.a.s.l.f.AccessLoggingFilter qtp884603232-17 [INFO] Access from: 0:0:0:0:0:0:0:1 url: http://localhost:8080/api/v1/topology/WordCount-1-1571690722/visualization principal: 
2019-10-21 15:47:49.728 o.a.s.l.f.AccessLoggingFilter qtp884603232-14 [INFO] Access from: 0:0:0:0:0:0:0:1 url: http://localhost:8080/api/v1/topology/WordCount-1-1571690722/visualization principal: 
2019-10-21 15:47:58.475 o.a.s.l.f.AccessLoggingFilter qtp884603232-17 [INFO] Access from: 0:0:0:0:0:0:0:1 url: http://localhost:8080/component.html principal: 
2019-10-21 15:47:58.559 o.a.s.l.f.AccessLoggingFilter qtp884603232-14 [INFO] Access from: 0:0:0:0:0:0:0:1 url: http://localhost:8080/js/moment.min.js principal: 
2019-10-21 15:47:59.213 o.a.s.l.f.AccessLoggingFilter qtp884603232-17 [INFO] Access from: 0:0:0:0:0:0:0:1 url: http://localhost:8080/api/v1/cluster/configuration principal: 
2019-10-21 15:47:59.218 o.a.s.l.f.AccessLoggingFilter qtp884603232-21 [INFO] Access from: 0:0:0:0:0:0:0:1 url: http://localhost:8080/api/v1/topology/WordCount-1-1571690722/component/count principal: 
2019-10-21 15:47:59.404 o.a.s.l.f.AccessLoggingFilter qtp884603232-20 [INFO] Access from: 0:0:0:0:0:0:0:1 url: http://localhost:8080/api/v1/topology/WordCount-1-1571690722 principal: 
2019-10-21 15:47:59.458 o.a.s.l.f.AccessLoggingFilter qtp884603232-21 [INFO] Access from: 0:0:0:0:0:0:0:1 url: http://localhost:8080/templates/component-page-template.html principal: 
2019-10-21 15:48:11.903 o.a.s.l.f.AccessLoggingFilter qtp884603232-20 [INFO] Access from: 0:0:0:0:0:0:0:1 url: http://localhost:8080/api/v1/cluster/configuration principal: 
2019-10-21 15:48:11.917 o.a.s.l.f.AccessLoggingFilter qtp884603232-14 [INFO] Access from: 0:0:0:0:0:0:0:1 url: http://localhost:8080/api/v1/topology/WordCount-1-1571690722 principal: 
2019-10-21 15:48:12.716 o.a.s.l.f.AccessLoggingFilter qtp884603232-17 [INFO] Access from: 0:0:0:0:0:0:0:1 url: http://localhost:8080/api/v1/topology/WordCount-1-1571690722/lag principal: 
2019-10-21 15:48:13.257 o.a.s.l.f.AccessLoggingFilter qtp884603232-14 [INFO] Access from: 0:0:0:0:0:0:0:1 url: http://localhost:8080/api/v1/cluster/configuration principal: 
2019-10-21 15:48:13.294 o.a.s.l.f.AccessLoggingFilter qtp884603232-21 [INFO] Access from: 0:0:0:0:0:0:0:1 url: http://localhost:8080/api/v1/topology/WordCount-1-1571690722/component/count principal: 
2019-10-21 15:48:13.417 o.a.s.l.f.AccessLoggingFilter qtp884603232-14 [INFO] Access from: 0:0:0:0:0:0:0:1 url: http://localhost:8080/api/v1/topology/WordCount-1-1571690722 principal: 
2019-10-21 15:48:15.151 o.a.s.l.f.AccessLoggingFilter qtp884603232-17 [INFO] Access from: 0:0:0:0:0:0:0:1 url: http://localhost:8080/api/v1/topology/WordCount-1-1571690722 principal: 
2019-10-21 15:48:15.151 o.a.s.l.f.AccessLoggingFilter qtp884603232-21 [INFO] Access from: 0:0:0:0:0:0:0:1 url: http://localhost:8080/api/v1/cluster/configuration principal: 
2019-10-21 15:48:16.328 o.a.s.l.f.AccessLoggingFilter qtp884603232-20 [INFO] Access from: 0:0:0:0:0:0:0:1 url: http://localhost:8080/api/v1/topology/WordCount-1-1571690722/lag principal: 
2019-10-21 15:48:27.776 o.a.s.l.f.AccessLoggingFilter qtp884603232-17 [INFO] Access from: 0:0:0:0:0:0:0:1 url: http://localhost:8080/api/v1/cluster/configuration principal: 
2019-10-21 15:48:27.795 o.a.s.l.f.AccessLoggingFilter qtp884603232-14 [INFO] Access from: 0:0:0:0:0:0:0:1 url: http://localhost:8080/api/v1/topology/WordCount-1-1571690722/component/count principal: 
2019-10-21 15:48:27.898 o.a.s.l.f.AccessLoggingFilter qtp884603232-26 [INFO] Access from: 0:0:0:0:0:0:0:1 url: http://localhost:8080/api/v1/topology/WordCount-1-1571690722 principal: 
2019-10-21 15:48:32.551 o.a.s.l.f.AccessLoggingFilter qtp884603232-14 [INFO] Access from: 0:0:0:0:0:0:0:1 url: http://localhost:8080/api/v1/cluster/configuration principal: 
2019-10-21 15:48:32.577 o.a.s.l.f.AccessLoggingFilter qtp884603232-28 [INFO] Access from: 0:0:0:0:0:0:0:1 url: http://localhost:8080/api/v1/topology/WordCount-1-1571690722 principal: 
2019-10-21 15:48:33.643 o.a.s.l.f.AccessLoggingFilter qtp884603232-17 [INFO] Access from: 0:0:0:0:0:0:0:1 url: http://localhost:8080/api/v1/topology/WordCount-1-1571690722/lag principal: 
2019-10-21 15:48:44.621 o.a.s.l.f.AccessLoggingFilter qtp884603232-28 [INFO] Access from: 0:0:0:0:0:0:0:1 url: http://localhost:8080/component.html principal: 
2019-10-21 15:48:45.158 o.a.s.l.f.AccessLoggingFilter qtp884603232-17 [INFO] Access from: 0:0:0:0:0:0:0:1 url: http://localhost:8080/api/v1/cluster/configuration principal: 
2019-10-21 15:48:45.171 o.a.s.l.f.AccessLoggingFilter qtp884603232-26 [INFO] Access from: 0:0:0:0:0:0:0:1 url: http://localhost:8080/api/v1/topology/WordCount-1-1571690722/component/spout principal: 
2019-10-21 15:48:45.303 o.a.s.l.f.AccessLoggingFilter qtp884603232-14 [INFO] Access from: 0:0:0:0:0:0:0:1 url: http://localhost:8080/api/v1/topology/WordCount-1-1571690722 principal: 
2019-10-21 15:48:59.455 o.a.s.l.f.AccessLoggingFilter qtp884603232-26 [INFO] Access from: 0:0:0:0:0:0:0:1 url: http://localhost:8080/api/v1/cluster/configuration principal: 
2019-10-21 15:48:59.468 o.a.s.l.f.AccessLoggingFilter qtp884603232-28 [INFO] Access from: 0:0:0:0:0:0:0:1 url: http://localhost:8080/api/v1/topology/WordCount-1-1571690722/component/spout principal: 
2019-10-21 15:48:59.545 o.a.s.l.f.AccessLoggingFilter qtp884603232-17 [INFO] Access from: 0:0:0:0:0:0:0:1 url: http://localhost:8080/api/v1/topology/WordCount-1-1571690722 principal: 
2019-10-21 15:49:07.773 o.a.s.l.f.AccessLoggingFilter qtp884603232-28 [INFO] Access from: 0:0:0:0:0:0:0:1 url: http://localhost:8080/api/v1/cluster/configuration principal: 
2019-10-21 15:49:07.774 o.a.s.l.f.AccessLoggingFilter qtp884603232-14 [INFO] Access from: 0:0:0:0:0:0:0:1 url: http://localhost:8080/api/v1/topology/WordCount-1-1571690722/component/spout principal: 
2019-10-21 15:49:07.955 o.a.s.l.f.AccessLoggingFilter qtp884603232-26 [INFO] Access from: 0:0:0:0:0:0:0:1 url: http://localhost:8080/api/v1/topology/WordCount-1-1571690722 principal: 
2019-10-21 15:51:30.235 o.a.s.l.f.AccessLoggingFilter qtp884603232-14 [INFO] Access from: 0:0:0:0:0:0:0:1 url: http://localhost:8080/ principal: 
2019-10-21 15:51:30.239 o.a.s.l.f.AccessLoggingFilter qtp884603232-14 [INFO] Access from: 0:0:0:0:0:0:0:1 url: http://localhost:8080/index.html principal: 
2019-10-21 15:51:31.079 o.a.s.l.f.AccessLoggingFilter qtp884603232-24 [INFO] Access from: 0:0:0:0:0:0:0:1 url: http://localhost:8080/api/v1/cluster/configuration principal: 
2019-10-21 15:51:31.158 o.a.s.l.f.AccessLoggingFilter qtp884603232-14 [INFO] Access from: 0:0:0:0:0:0:0:1 url: http://localhost:8080/api/v1/cluster/summary principal: 
2019-10-21 15:51:31.162 o.a.s.l.f.AccessLoggingFilter qtp884603232-17 [INFO] Access from: 0:0:0:0:0:0:0:1 url: http://localhost:8080/api/v1/nimbus/summary principal: 
2019-10-21 15:51:31.172 o.a.s.l.f.AccessLoggingFilter qtp884603232-21 [INFO] Access from: 0:0:0:0:0:0:0:1 url: http://localhost:8080/api/v1/owner-resources principal: 
2019-10-21 15:51:31.196 o.a.s.l.f.AccessLoggingFilter qtp884603232-24 [INFO] Access from: 0:0:0:0:0:0:0:1 url: http://localhost:8080/api/v1/topology/summary principal: 
2019-10-21 15:51:31.198 o.a.s.l.f.AccessLoggingFilter qtp884603232-28 [INFO] Access from: 0:0:0:0:0:0:0:1 url: http://localhost:8080/api/v1/supervisor/summary principal: 
